Exception at PC 0x00007FF8B9839E08
Exception at PC 0x00007FF857AABB93
Printing stacktrace...

Unable to capture context for thread 6924 in process 8136, can not generate back trace
Unable to capture context for thread 8312 in process 8136, can not generate back trace
Unable to capture context for thread 8916 in process 8136, can not generate back trace
Exception at PC 0x00007FF8B9839E08
Exception at PC 0x00007FF8B9839E08
Exception at PC 0x00007FF8B9839E08
Exception at PC 0x00007FF8B9839E08
Exception at PC 0x00007FF8B9839E08
Exception at PC 0x00007FF8B9839E08
Exception at PC 0x00007FF8B9839E08
Exception at PC 0x00007FF8B9839E08
Exception at PC 0x00007FF8B9839E08
Exception at PC 0x00007FF8B9839E08
Exception at PC 0x00007FF8B9839E08
Exception at PC 0x00007FF8B9839E08
Exception at PC 0x00007FF8B9839E08
Exception at PC 0x00007FF8B9839E08
Exception at PC 0x00007FF8B9839E08
Exception at PC 0x00007FF8B9839E08
Exception at PC 0x00007FF8B9839E08
Exception at PC 0x00007FF8B9839E08
[0]  [0x00007FF857AABB93]
[1]  [0x00007FF857AABB93]
[2]  [0x00007FF857AAB4A1]
[3]  [0x00007FF857AAB3EF]
[4]  [0x00007FF857A919FE]
[5]  [0x00007FF857A90ED1]
[6]  [0x00007FF857A90D76]
[7]  [0x00007FF857A379F6]
[8]  [0x00007FF857A27AFB]
[9]  [0x00007FF857B4E90A]
[10]  [0x00007FF857B69F87]
[11]  [0x00007FF857B6A05F]
[12] (BaseThreadInitThunk+0x14) [0x00007FF8BB0D2774]
[13] (RtlUserThreadStart+0x21) [0x00007FF8BD090D61]
Done
